Experiment 1
Dataset: mnist
Model: 1hidden
LR: 0.001
Lambda: 0
Iter 10 :  Loss: 0.0004147215773064924 Acc: 0.9927333333333334
Iter 20 :  Loss: 0.00022389834834884892 Acc: 0.9967333333333334
Iter 30 :  Loss: 0.00022037016612677405 Acc: 0.99685
Iter 40 :  Loss: 0.00018928804756121356 Acc: 0.9977833333333334
Iter 50 :  Loss: 0.00020059389347979348 Acc: 0.9976833333333334
Iter 60 :  Loss: 0.00010665905726677826 Acc: 0.9989166666666667
Iter 70 :  Loss: 0.00017491984233706064 Acc: 0.9984333333333333
Iter 80 :  Loss: 0.00013226547189675424 Acc: 0.9986166666666667
Iter 90 :  Loss: 0.00016535633610327913 Acc: 0.9987666666666667
Iter 100 :  Loss: 0.00013088324130502673 Acc: 0.9989666666666667

Time Taken: 0:20:19.119971

*********************************************************************
Experiment 2
Dataset: mnist
Model: 2hidden
LR: 0.001
Lambda: 0
Iter 10 :  Loss: 0.000405641186897734 Acc: 0.9931833333333333
Iter 20 :  Loss: 0.00027253265997822596 Acc: 0.9959833333333333
Iter 30 :  Loss: 0.0002555399956561936 Acc: 0.99685
Iter 40 :  Loss: 0.0002532699617004566 Acc: 0.9967
Iter 50 :  Loss: 0.00017019438161028092 Acc: 0.998
Iter 60 :  Loss: 0.000255602682497146 Acc: 0.9972
Iter 70 :  Loss: 0.0002374436198185632 Acc: 0.9977666666666667
Iter 80 :  Loss: 0.00017922576571995492 Acc: 0.9985
Iter 90 :  Loss: 0.00027054170901618014 Acc: 0.9981
Iter 100 :  Loss: 0.00017277182090415824 Acc: 0.9988

Time Taken: 0:20:09.810481

*********************************************************************
Experiment 3
Dataset: mnist
Model: 3hidden
LR: 0.001
Lambda: 0
Iter 10 :  Loss: 0.00045399436289130033 Acc: 0.99295
Iter 20 :  Loss: 0.0002415447031054312 Acc: 0.9963333333333333
Iter 30 :  Loss: 0.00020480730387776046 Acc: 0.99715
Iter 40 :  Loss: 0.00010793344817744378 Acc: 0.9985833333333334
Iter 50 :  Loss: 0.00012967943020066847 Acc: 0.9983666666666666
Iter 60 :  Loss: 9.44851820387789e-05 Acc: 0.9989
Iter 70 :  Loss: 0.00015504883925807406 Acc: 0.9984833333333333
Iter 80 :  Loss: 0.0001369369247503529 Acc: 0.9985
Iter 90 :  Loss: 0.0001391123398418066 Acc: 0.9987166666666667
Iter 100 :  Loss: 0.00019004259161249575 Acc: 0.9984833333333333

Time Taken: 0:20:09.324493

*********************************************************************
Experiment 4
Dataset: cifar
Model: 1hidden
LR: 0.01
Lambda: 0
Iter 10 :  Loss: 0.09704495133399964 Acc: 0.34406
Iter 20 :  Loss: 0.07771728593826294 Acc: 0.35478
Iter 30 :  Loss: 0.06796110357284546 Acc: 0.35962
Iter 40 :  Loss: 0.06124595180273056 Acc: 0.36432
Iter 50 :  Loss: 0.06272202122211457 Acc: 0.36536
Iter 60 :  Loss: 0.054854287242889405 Acc: 0.3731
Iter 70 :  Loss: 0.052584344489574435 Acc: 0.37434
Iter 80 :  Loss: 0.046588152465820314 Acc: 0.37884
Iter 90 :  Loss: 0.04664573134183884 Acc: 0.3814
Iter 100 :  Loss: 0.04346526020288467 Acc: 0.3904

Time Taken: 0:15:47.835957

*********************************************************************
Experiment 5
Dataset: cifar
Model: 2hidden
LR: 0.01
Lambda: 0
Iter 10 :  Loss: 0.0423684849524498 Acc: 0.18366
Iter 20 :  Loss: 0.04143698886394501 Acc: 0.19412
Iter 30 :  Loss: 0.04141051838159561 Acc: 0.19726
Iter 40 :  Loss: 0.042407411391735074 Acc: 0.1704
Iter 50 :  Loss: 0.04228675406932831 Acc: 0.17414
Iter 60 :  Loss: 0.042301073644161226 Acc: 0.17458
Iter 70 :  Loss: 0.042294928710460665 Acc: 0.17386
Iter 80 :  Loss: 0.04217929081201553 Acc: 0.1745
Iter 90 :  Loss: 0.0419027142906189 Acc: 0.17604
Iter 100 :  Loss: 0.04185118541240692 Acc: 0.17862

Time Taken: 0:17:28.433226

*********************************************************************
Experiment 6
Dataset: cifar
Model: 3hidden
LR: 0.01
Lambda: 0
Iter 10 :  Loss: 0.043750474853515624 Acc: 0.1592
Iter 20 :  Loss: 0.0453256924533844 Acc: 0.12988
Iter 30 :  Loss: 0.04532501679420471 Acc: 0.13018
Iter 40 :  Loss: 0.04532477082252503 Acc: 0.12988
Iter 50 :  Loss: 0.045324669861793516 Acc: 0.12992
Iter 60 :  Loss: 0.045324625539779666 Acc: 0.12996
Iter 70 :  Loss: 0.04532460476398468 Acc: 0.1301
Iter 80 :  Loss: 0.04532459453105926 Acc: 0.13018
Iter 90 :  Loss: 0.045324589338302614 Acc: 0.13026
Iter 100 :  Loss: 0.04532458721160889 Acc: 0.13014

Time Taken: 0:18:08.435411

*********************************************************************
Experiment 7
Dataset: mnist
Model: 1hidden
LR: 0.001
Lambda: 0.01
Iter 10 :  Loss: 0.0033632802025259784 Acc: 0.9543
Iter 20 :  Loss: 0.0032940558422356846 Acc: 0.9553333333333334
Iter 30 :  Loss: 0.0032945616813066106 Acc: 0.9554333333333334
Iter 40 :  Loss: 0.0032987229553516953 Acc: 0.9548
Iter 50 :  Loss: 0.0032973485245058934 Acc: 0.9555333333333333
Iter 60 :  Loss: 0.003300711754957835 Acc: 0.9557833333333333
Iter 70 :  Loss: 0.0032976931476034225 Acc: 0.9553333333333334
Iter 80 :  Loss: 0.0032987353332651157 Acc: 0.9556333333333333
Iter 90 :  Loss: 0.0032894127953487138 Acc: 0.9555333333333333
Iter 100 :  Loss: 0.003293433274825414 Acc: 0.9557

Time Taken: 0:22:06.331848

*********************************************************************
Experiment 8
Dataset: mnist
Model: 2hidden
LR: 0.001
Lambda: 0.01
Iter 10 :  Loss: 0.0032298459992744027 Acc: 0.9549666666666666
Iter 20 :  Loss: 0.003186626593147715 Acc: 0.9546666666666667
Iter 30 :  Loss: 0.0031782575306016953 Acc: 0.9554833333333334
Iter 40 :  Loss: 0.0031636764811041455 Acc: 0.9554166666666667
Iter 50 :  Loss: 0.003154589912450562 Acc: 0.9559833333333333
Iter 60 :  Loss: 0.0031523238664648186 Acc: 0.9554666666666667
Iter 70 :  Loss: 0.0031327057695792367 Acc: 0.9562833333333334
Iter 80 :  Loss: 0.003134431528331091 Acc: 0.9564166666666667
Iter 90 :  Loss: 0.0031416290579053263 Acc: 0.9563
Iter 100 :  Loss: 0.0031349640682029225 Acc: 0.9565166666666667

Time Taken: 0:22:13.281396

*********************************************************************
Experiment 9
Dataset: mnist
Model: 3hidden
LR: 0.001
Lambda: 0.01
Iter 10 :  Loss: 0.00332154385978356 Acc: 0.95325
Iter 20 :  Loss: 0.0032452644762427855 Acc: 0.9545166666666667
Iter 30 :  Loss: 0.003241979975687961 Acc: 0.9544666666666667
Iter 40 :  Loss: 0.003216675938650345 Acc: 0.9548
Iter 50 :  Loss: 0.0032105226566859833 Acc: 0.9551333333333333
Iter 60 :  Loss: 0.003207124618673697 Acc: 0.9553166666666667
Iter 70 :  Loss: 0.0031896334926132114 Acc: 0.9551666666666667
Iter 80 :  Loss: 0.003180085887837534 Acc: 0.955
Iter 90 :  Loss: 0.0031812425806187093 Acc: 0.9554833333333334
Iter 100 :  Loss: 0.0031814628285511087 Acc: 0.9555166666666667

Time Taken: 0:21:52.582399

*********************************************************************
Experiment 10
Dataset: cifar
Model: 1hidden
LR: 0.01
Lambda: 0.01
Iter 10 :  Loss: 0.08247974783420563 Acc: 0.2536
Iter 20 :  Loss: 0.08716148541450501 Acc: 0.25344
Iter 30 :  Loss: 0.07890149589300155 Acc: 0.24558
Iter 40 :  Loss: 0.07734233891010285 Acc: 0.24374
Iter 50 :  Loss: 0.0791433131289482 Acc: 0.26112
Iter 60 :  Loss: 0.05811028701543808 Acc: 0.2509
Iter 70 :  Loss: 0.08438084881067276 Acc: 0.24814
Iter 80 :  Loss: 0.07999386749982834 Acc: 0.23862
Iter 90 :  Loss: 0.08321533693313599 Acc: 0.24968
Iter 100 :  Loss: 0.07103742176771163 Acc: 0.2379

Time Taken: 0:16:03.163574

*********************************************************************
Experiment 11
Dataset: cifar
Model: 2hidden
LR: 0.01
Lambda: 0.01
Iter 10 :  Loss: 0.04171591149806976 Acc: 0.20966
Iter 20 :  Loss: 0.04166926719427109 Acc: 0.21468
Iter 30 :  Loss: 0.04289983179330826 Acc: 0.17314
Iter 40 :  Loss: 0.04240220311403275 Acc: 0.19508
Iter 50 :  Loss: 0.042413129367828366 Acc: 0.19802
Iter 60 :  Loss: 0.04228373633384704 Acc: 0.20092
Iter 70 :  Loss: 0.04288214530467987 Acc: 0.19248
Iter 80 :  Loss: 0.04217920386075973 Acc: 0.20306
Iter 90 :  Loss: 0.04260839046239853 Acc: 0.1953
Iter 100 :  Loss: 0.04237546211481094 Acc: 0.19886

Time Taken: 0:16:33.675541

*********************************************************************
Experiment 12
Dataset: cifar
Model: 3hidden
LR: 0.01
Lambda: 0.01
Iter 10 :  Loss: 0.041572968933582304 Acc: 0.20868
Iter 20 :  Loss: 0.04146341208457947 Acc: 0.21118
Iter 30 :  Loss: 0.041343349328041075 Acc: 0.20918
Iter 40 :  Loss: 0.04123212080478668 Acc: 0.21278
Iter 50 :  Loss: 0.04166713811159134 Acc: 0.20676
Iter 60 :  Loss: 0.04172565531253815 Acc: 0.20436
Iter 70 :  Loss: 0.04128083275318146 Acc: 0.2115
Iter 80 :  Loss: 0.041219868185520175 Acc: 0.21286
Iter 90 :  Loss: 0.041263871760368345 Acc: 0.21044
Iter 100 :  Loss: 0.04138153374671936 Acc: 0.21156

Time Taken: 0:17:24.309208

*********************************************************************
Experiment 13
Dataset: mnist
Model: 1hidden
LR: 0.001
Lambda: 0.0001
Iter 10 :  Loss: 0.0004512904577899917 Acc: 0.9921333333333333
Iter 20 :  Loss: 0.0003244558338897643 Acc: 0.9945333333333334
Iter 30 :  Loss: 0.000364469481110306 Acc: 0.9935666666666667
Iter 40 :  Loss: 0.00037186750498394757 Acc: 0.9938833333333333
Iter 50 :  Loss: 0.0003146468306146744 Acc: 0.99465
Iter 60 :  Loss: 0.0002831418824085934 Acc: 0.9949666666666667
Iter 70 :  Loss: 0.00028649620796748727 Acc: 0.9946833333333334
Iter 80 :  Loss: 0.00025450429346079393 Acc: 0.9955833333333334
Iter 90 :  Loss: 0.0002736250279145528 Acc: 0.9952333333333333
Iter 100 :  Loss: 0.0002439170760773777 Acc: 0.9958666666666667

Time Taken: 0:19:48.017444

*********************************************************************
Experiment 14
Dataset: mnist
Model: 2hidden
LR: 0.001
Lambda: 0.0001
Iter 10 :  Loss: 0.0005741684894511613 Acc: 0.9900833333333333
Iter 20 :  Loss: 0.0004217956954122049 Acc: 0.9929666666666667
Iter 30 :  Loss: 0.0003312631376986322 Acc: 0.9945666666666667
Iter 40 :  Loss: 0.00030952248072592663 Acc: 0.9948666666666667
Iter 50 :  Loss: 0.00028910564299840566 Acc: 0.9947833333333334
Iter 60 :  Loss: 0.00028920857952279374 Acc: 0.9949333333333333
Iter 70 :  Loss: 0.00023823880990505965 Acc: 0.9962166666666666
Iter 80 :  Loss: 0.0002873593489897151 Acc: 0.9953333333333333
Iter 90 :  Loss: 0.00029695723770034306 Acc: 0.9950666666666667
Iter 100 :  Loss: 0.0002132705158344701 Acc: 0.9964833333333334

Time Taken: 0:20:09.455957

*********************************************************************
Experiment 15
Dataset: mnist
Model: 3hidden
LR: 0.001
Lambda: 0.0001
Iter 10 :  Loss: 0.0006651312186838671 Acc: 0.9893166666666666
Iter 20 :  Loss: 0.0004453476978455304 Acc: 0.9922833333333333
Iter 30 :  Loss: 0.00036948780086666676 Acc: 0.9939833333333333
Iter 40 :  Loss: 0.0003337627848276649 Acc: 0.9946666666666667
Iter 50 :  Loss: 0.0003004070286815325 Acc: 0.9947833333333334
Iter 60 :  Loss: 0.0003174296637068437 Acc: 0.9949833333333333
Iter 70 :  Loss: 0.00032847603551836073 Acc: 0.9947833333333334
Iter 80 :  Loss: 0.00027297635177062226 Acc: 0.9956333333333334
Iter 90 :  Loss: 0.0002986192726706046 Acc: 0.9951333333333333
Iter 100 :  Loss: 0.0003024380807343808 Acc: 0.9948666666666667

Time Taken: 0:20:28.432093

*********************************************************************
Experiment 16
Dataset: cifar
Model: 1hidden
LR: 0.01
Lambda: 0.0001
Iter 10 :  Loss: 0.09621061576843262 Acc: 0.31944
Iter 20 :  Loss: 0.11097165029764175 Acc: 0.317
Iter 30 :  Loss: 0.09967004248857499 Acc: 0.32246
Iter 40 :  Loss: 0.10980642867088318 Acc: 0.31934
Iter 50 :  Loss: 0.09812011765003205 Acc: 0.32752
Iter 60 :  Loss: 0.108696138381958 Acc: 0.3222
Iter 70 :  Loss: 0.10882756103992462 Acc: 0.32294
Iter 80 :  Loss: 0.10113664843559265 Acc: 0.32392
Iter 90 :  Loss: 0.09595857247829437 Acc: 0.33054
Iter 100 :  Loss: 0.09855707378864288 Acc: 0.32732

Time Taken: 0:16:39.349872

*********************************************************************
Experiment 17
Dataset: cifar
Model: 2hidden
LR: 0.01
Lambda: 0.0001
Iter 10 :  Loss: 0.04189671311616897 Acc: 0.1889
Iter 20 :  Loss: 0.040487555096149444 Acc: 0.22146
Iter 30 :  Loss: 0.042524395022392275 Acc: 0.1696
Iter 40 :  Loss: 0.042405337858200075 Acc: 0.16802
Iter 50 :  Loss: 0.04148003569602966 Acc: 0.1753
Iter 60 :  Loss: 0.04195463089942932 Acc: 0.17198
Iter 70 :  Loss: 0.04223057833194733 Acc: 0.17178
Iter 80 :  Loss: 0.04243784112215042 Acc: 0.16944
Iter 90 :  Loss: 0.04193162254333496 Acc: 0.17362
Iter 100 :  Loss: 0.043224539544582365 Acc: 0.1628

Time Taken: 0:17:00.506245

*********************************************************************
Experiment 18
Dataset: cifar
Model: 3hidden
LR: 0.01
Lambda: 0.0001
Iter 10 :  Loss: 0.044844581909179684 Acc: 0.1353
Iter 20 :  Loss: 0.04410511839389801 Acc: 0.15572
Iter 30 :  Loss: 0.04450403297901154 Acc: 0.14636
Iter 40 :  Loss: 0.04607676709651947 Acc: 0.09828
Iter 50 :  Loss: 0.04607668454647064 Acc: 0.0983
Iter 60 :  Loss: 0.04607674602985382 Acc: 0.09822
Iter 70 :  Loss: 0.046552982153892516 Acc: 0.09868
Iter 80 :  Loss: 0.04607672725200653 Acc: 0.09828
Iter 90 :  Loss: 0.04621888782024384 Acc: 0.09794
Iter 100 :  Loss: 0.04607661377906799 Acc: 0.09808

Time Taken: 0:17:41.736719

*********************************************************************
Experiment 19
Dataset: mnist
Model: 1hidden
LR: 0.001
Lambda: 1e-06
Iter 10 :  Loss: 0.0003974544241404222 Acc: 0.99325
Iter 20 :  Loss: 0.0002533549675517847 Acc: 0.9960333333333333
Iter 30 :  Loss: 0.00014811345942936563 Acc: 0.9977166666666667
Iter 40 :  Loss: 0.00022702236642791788 Acc: 0.99765
Iter 50 :  Loss: 0.0001687738657124815 Acc: 0.9982666666666666
Iter 60 :  Loss: 0.00017139992938031875 Acc: 0.9984833333333333
Iter 70 :  Loss: 0.00018508366618178755 Acc: 0.99835
Iter 80 :  Loss: 0.00017818771985724505 Acc: 0.9985666666666667
Iter 90 :  Loss: 0.00016046466290776967 Acc: 0.9985
Iter 100 :  Loss: 0.00011436045069490678 Acc: 0.9989666666666667

Time Taken: 0:20:14.519154

*********************************************************************
Experiment 20
Dataset: mnist
Model: 2hidden
LR: 0.001
Lambda: 1e-06
Iter 10 :  Loss: 0.0004378363952386091 Acc: 0.9927166666666667
Iter 20 :  Loss: 0.00023414438754991096 Acc: 0.9964166666666666
Iter 30 :  Loss: 0.0001791451817848063 Acc: 0.9976
Iter 40 :  Loss: 0.00022015564083103422 Acc: 0.9975833333333334
Iter 50 :  Loss: 0.00019306351845063316 Acc: 0.9979333333333333
Iter 60 :  Loss: 0.00017698095715138417 Acc: 0.9980333333333333
Iter 70 :  Loss: 0.00022693360820762523 Acc: 0.9979
Iter 80 :  Loss: 0.0002058622713009025 Acc: 0.9983
Iter 90 :  Loss: 0.00025887514163275684 Acc: 0.9979166666666667
Iter 100 :  Loss: 8.069655525100761e-05 Acc: 0.9992666666666666

Time Taken: 0:20:17.469897

*********************************************************************
Experiment 21
Dataset: mnist
Model: 3hidden
LR: 0.001
Lambda: 1e-06
Iter 10 :  Loss: 0.0004515808276939879 Acc: 0.9926166666666667
Iter 20 :  Loss: 0.00024689685935734123 Acc: 0.9962833333333333
Iter 30 :  Loss: 0.00023166437887403766 Acc: 0.99695
Iter 40 :  Loss: 0.00016255217013321798 Acc: 0.9979166666666667
Iter 50 :  Loss: 0.00016182099483075352 Acc: 0.99805
Iter 60 :  Loss: 0.00015984108285684587 Acc: 0.9983
Iter 70 :  Loss: 0.00016392557568859457 Acc: 0.9981833333333333
Iter 80 :  Loss: 0.00013253527737501497 Acc: 0.99855
Iter 90 :  Loss: 0.00015426884093012032 Acc: 0.9984666666666666
Iter 100 :  Loss: 0.0001532271539098832 Acc: 0.9984666666666666

Time Taken: 0:21:31.499337

*********************************************************************
Experiment 22
Dataset: cifar
Model: 1hidden
LR: 0.01
Lambda: 1e-06
Iter 10 :  Loss: 0.08836732720375061 Acc: 0.35098
Iter 20 :  Loss: 0.08228526201725006 Acc: 0.3549
Iter 30 :  Loss: 0.07134912633895873 Acc: 0.36054
Iter 40 :  Loss: 0.07597088079214095 Acc: 0.35676
Iter 50 :  Loss: 0.05619299866437912 Acc: 0.37394
Iter 60 :  Loss: 0.05675439530611038 Acc: 0.37524
Iter 70 :  Loss: 0.06023850470066071 Acc: 0.37304
Iter 80 :  Loss: 0.058390450944900515 Acc: 0.3796
Iter 90 :  Loss: 0.04650800605535507 Acc: 0.38866
Iter 100 :  Loss: 0.055915582664012906 Acc: 0.38344

Time Taken: 0:17:28.674489

*********************************************************************
Experiment 23
Dataset: cifar
Model: 2hidden
LR: 0.01
Lambda: 1e-06
Iter 10 :  Loss: 0.043176148698329926 Acc: 0.19274
Iter 20 :  Loss: 0.04298302974939346 Acc: 0.15916
Iter 30 :  Loss: 0.04230678654909134 Acc: 0.17362
Iter 40 :  Loss: 0.0422066986823082 Acc: 0.17764
Iter 50 :  Loss: 0.04175054200410843 Acc: 0.17756
Iter 60 :  Loss: 0.04286028079271317 Acc: 0.17732
Iter 70 :  Loss: 0.04179112181186676 Acc: 0.18016
Iter 80 :  Loss: 0.042164769418239594 Acc: 0.17674
Iter 90 :  Loss: 0.04157367588043213 Acc: 0.18492
Iter 100 :  Loss: 0.04293880484580993 Acc: 0.17482

Time Taken: 0:17:29.697728

*********************************************************************
Experiment 24
Dataset: cifar
Model: 3hidden
LR: 0.01
Lambda: 1e-06
Iter 10 :  Loss: 0.04610942433834076 Acc: 0.1192
Iter 20 :  Loss: 0.04607667130947113 Acc: 0.09832
Iter 30 :  Loss: 0.046103729305267335 Acc: 0.0978
Iter 40 :  Loss: 0.046092714018821715 Acc: 0.09842
Iter 50 :  Loss: 0.04607679526329041 Acc: 0.09828
Iter 60 :  Loss: 0.047262014403343204 Acc: 0.09844
Iter 70 :  Loss: 0.04611321546077728 Acc: 0.09832
Iter 80 :  Loss: 0.046117599329948425 Acc: 0.09822
Iter 90 :  Loss: 0.046076777567863464 Acc: 0.09836
Iter 100 :  Loss: 0.04607674643039703 Acc: 0.09828

Time Taken: 0:18:11.740408

*********************************************************************