Experiment 1
Dataset: mnist
Model: 1hidden
LR: 0.001
Lambda: 0
Iter 10 :  Loss: 0.0060270967133964105 Acc: 0.91425
Iter 20 :  Loss: 0.004727859666539977 Acc: 0.9331333333333334
Iter 30 :  Loss: 0.003923915815462048 Acc: 0.9454
Iter 40 :  Loss: 0.0033542182554646086 Acc: 0.9535666666666667
Iter 50 :  Loss: 0.0029304466968402268 Acc: 0.9589166666666666
Iter 60 :  Loss: 0.0026019055308618894 Acc: 0.9637333333333333
Iter 70 :  Loss: 0.0023377015381973857 Acc: 0.9679833333333333
Iter 80 :  Loss: 0.0021199912703285615 Acc: 0.9712833333333334
Iter 90 :  Loss: 0.0019366927224289004 Acc: 0.9737833333333333
Iter 100 :  Loss: 0.0017804717200497785 Acc: 0.9758666666666667
Time Taken: 0:18:09.524445


*********************************************************************
Experiment 2
Dataset: mnist
Model: 2hidden
LR: 0.001
Lambda: 0
Iter 10 :  Loss: 0.006303371766892572 Acc: 0.9101666666666667
Iter 20 :  Loss: 0.004703633834266414 Acc: 0.93295
Iter 30 :  Loss: 0.003771136591412748 Acc: 0.9464333333333333
Iter 40 :  Loss: 0.003120469347604861 Acc: 0.9560666666666666
Iter 50 :  Loss: 0.002644757567439228 Acc: 0.9626666666666667
Iter 60 :  Loss: 0.0022799051891624306 Acc: 0.9681333333333333
Iter 70 :  Loss: 0.0019888178798292454 Acc: 0.9723333333333334
Iter 80 :  Loss: 0.0017518626096736018 Acc: 0.97575
Iter 90 :  Loss: 0.0015541544681376158 Acc: 0.9786333333333334
Iter 100 :  Loss: 0.0013864688805110441 Acc: 0.9811166666666666
Time Taken: 0:18:33.608038


*********************************************************************
Experiment 3
Dataset: mnist
Model: 3hidden
LR: 0.001
Lambda: 0
Iter 10 :  Loss: 0.007271961646713316 Acc: 0.8968666666666667
Iter 20 :  Loss: 0.005075229883814852 Acc: 0.9270333333333334
Iter 30 :  Loss: 0.003934598031189914 Acc: 0.9432666666666667
Iter 40 :  Loss: 0.0031395092071344454 Acc: 0.9555166666666667
Iter 50 :  Loss: 0.0025657874009416748 Acc: 0.9637166666666667
Iter 60 :  Loss: 0.0021324757543159647 Acc: 0.9698333333333333
Iter 70 :  Loss: 0.001792984424950555 Acc: 0.9749666666666666
Iter 80 :  Loss: 0.0015194295995441887 Acc: 0.9789666666666667
Iter 90 :  Loss: 0.0012954436531794878 Acc: 0.9819333333333333
Iter 100 :  Loss: 0.0011091497994047434 Acc: 0.9853333333333333
Time Taken: 0:18:17.299357


*********************************************************************
Experiment 4
Dataset: cifar
Model: 1hidden
LR: 0.01
Lambda: 0
Iter 10 :  Loss: 0.024909573626518248 Acc: 0.57614
Iter 20 :  Loss: 0.01978499277830124 Acc: 0.67054
Iter 30 :  Loss: 0.015507317858934402 Acc: 0.75418
Iter 40 :  Loss: 0.011751919320225715 Acc: 0.82596
Iter 50 :  Loss: 0.008573735473155975 Acc: 0.88928
Iter 60 :  Loss: 0.006061241568624974 Acc: 0.93838
Iter 70 :  Loss: 0.0042291923029720785 Acc: 0.9678
Iter 80 :  Loss: 0.002974143271148205 Acc: 0.98384
Iter 90 :  Loss: 0.0021391037225723265 Acc: 0.99174
Iter 100 :  Loss: 0.001588464004173875 Acc: 0.99552
Time Taken: 0:16:47.451368


*********************************************************************
Experiment 5
Dataset: cifar
Model: 2hidden
LR: 0.01
Lambda: 0
Iter 10 :  Loss: 0.024254300167560576 Acc: 0.57948
Iter 20 :  Loss: 0.01741489314675331 Acc: 0.70592
Iter 30 :  Loss: 0.011041613219380379 Acc: 0.82598
Iter 40 :  Loss: 0.006533735117167235 Acc: 0.90556
Iter 50 :  Loss: 0.004463384588211775 Acc: 0.93482
Iter 60 :  Loss: 0.002879286591261625 Acc: 0.95822
Iter 70 :  Loss: 0.0018869590890780092 Acc: 0.97368
Iter 80 :  Loss: 0.0010699415293894709 Acc: 0.98722
Iter 90 :  Loss: 0.00022025532382540406 Acc: 0.9994
Iter 100 :  Loss: 9.817326640943066e-05 Acc: 1.0
Time Taken: 0:17:37.952053


*********************************************************************
Experiment 6
Dataset: cifar
Model: 3hidden
LR: 0.01
Lambda: 0
Iter 10 :  Loss: 0.024718588036298752 Acc: 0.56254
Iter 20 :  Loss: 0.016787798575758933 Acc: 0.70888
Iter 30 :  Loss: 0.010411865648627281 Acc: 0.82522
Iter 40 :  Loss: 0.006394745495617389 Acc: 0.89528
Iter 50 :  Loss: 0.0036324429638683797 Acc: 0.94198
Iter 60 :  Loss: 0.002504656864479184 Acc: 0.95966
Iter 70 :  Loss: 0.0020583799820765854 Acc: 0.96662
Iter 80 :  Loss: 0.0012507592963706701 Acc: 0.97964
Iter 90 :  Loss: 0.0008917802108568139 Acc: 0.98614
Iter 100 :  Loss: 0.0011174373662355356 Acc: 0.98162
Time Taken: 0:15:44.900223


*********************************************************************
Experiment 7
Dataset: mnist
Model: 1hidden
LR: 0.001
Lambda: 0.01
Iter 10 :  Loss: 0.006264641915820539 Acc: 0.9135333333333333
Iter 20 :  Loss: 0.00512989749815315 Acc: 0.93005
Iter 30 :  Loss: 0.004501755548330644 Acc: 0.94005
Iter 40 :  Loss: 0.00407919844193384 Acc: 0.9462333333333334
Iter 50 :  Loss: 0.0037784500560412806 Acc: 0.9506
Iter 60 :  Loss: 0.003555373624774317 Acc: 0.9538666666666666
Iter 70 :  Loss: 0.003385801666043699 Acc: 0.9566333333333333
Iter 80 :  Loss: 0.0032537077497380475 Acc: 0.9590833333333333
Iter 90 :  Loss: 0.003148895537573844 Acc: 0.9607666666666667
Iter 100 :  Loss: 0.003064436776873966 Acc: 0.9621166666666666
Time Taken: 0:15:37.776437


*********************************************************************
Experiment 8
Dataset: mnist
Model: 2hidden
LR: 0.001
Lambda: 0.01
Iter 10 :  Loss: 0.006621089536324143 Acc: 0.9076333333333333
Iter 20 :  Loss: 0.0053802926354731126 Acc: 0.9251833333333334
Iter 30 :  Loss: 0.004690153377782553 Acc: 0.9353666666666667
Iter 40 :  Loss: 0.004187281823344529 Acc: 0.9435666666666667
Iter 50 :  Loss: 0.003810202729329467 Acc: 0.9491333333333334
Iter 60 :  Loss: 0.0035233039707566302 Acc: 0.9534333333333334
Iter 70 :  Loss: 0.0033017799428664146 Acc: 0.9570666666666666
Iter 80 :  Loss: 0.003128459066276749 Acc: 0.9595333333333333
Iter 90 :  Loss: 0.0029903908021127186 Acc: 0.9615666666666667
Iter 100 :  Loss: 0.002878291982707257 Acc: 0.9635
Time Taken: 0:18:31.205053


*********************************************************************
Experiment 9
Dataset: mnist
Model: 3hidden
LR: 0.001
Lambda: 0.01
Iter 10 :  Loss: 0.007821387353415291 Acc: 0.8918333333333334
Iter 20 :  Loss: 0.005924285782190661 Acc: 0.9185166666666666
Iter 30 :  Loss: 0.0049037888194123904 Acc: 0.9323333333333333
Iter 40 :  Loss: 0.004202550393094619 Acc: 0.9427666666666666
Iter 50 :  Loss: 0.003739462074264884 Acc: 0.9495666666666667
Iter 60 :  Loss: 0.003416612431779504 Acc: 0.9546
Iter 70 :  Loss: 0.0031736043397026757 Acc: 0.9588666666666666
Iter 80 :  Loss: 0.002983030297358831 Acc: 0.9617166666666667
Iter 90 :  Loss: 0.002827895969354237 Acc: 0.9640833333333333
Iter 100 :  Loss: 0.0026996007214300333 Acc: 0.9661666666666666
Time Taken: 0:16:20.162528


*********************************************************************
Experiment 10
Dataset: cifar
Model: 1hidden
LR: 0.01
Lambda: 0.01
Iter 10 :  Loss: 0.027436172723770143 Acc: 0.53214
Iter 20 :  Loss: 0.02545495169043541 Acc: 0.57094
Iter 30 :  Loss: 0.02457701103925705 Acc: 0.58788
Iter 40 :  Loss: 0.02409213744044304 Acc: 0.59876
Iter 50 :  Loss: 0.023785499222278596 Acc: 0.60566
Iter 60 :  Loss: 0.023567681124210357 Acc: 0.61104
Iter 70 :  Loss: 0.023408956090211867 Acc: 0.61378
Iter 80 :  Loss: 0.023288072350025175 Acc: 0.61686
Iter 90 :  Loss: 0.02319397715806961 Acc: 0.61886
Iter 100 :  Loss: 0.02311790749669075 Acc: 0.62072
Time Taken: 0:15:54.895148


*********************************************************************
Experiment 11
Dataset: cifar
Model: 2hidden
LR: 0.01
Lambda: 0.01
Iter 10 :  Loss: 0.027366691330671312 Acc: 0.5243
Iter 20 :  Loss: 0.024404083812236785 Acc: 0.57774
Iter 30 :  Loss: 0.02285447238445282 Acc: 0.61004
Iter 40 :  Loss: 0.021873559292554856 Acc: 0.6298
Iter 50 :  Loss: 0.02119590371966362 Acc: 0.6441
Iter 60 :  Loss: 0.020713365226984023 Acc: 0.65386
Iter 70 :  Loss: 0.020333235670328142 Acc: 0.66196
Iter 80 :  Loss: 0.020025575338602067 Acc: 0.66788
Iter 90 :  Loss: 0.019778365339040756 Acc: 0.67316
Iter 100 :  Loss: 0.01957422361254692 Acc: 0.67798
Time Taken: 0:15:51.894715


*********************************************************************
Experiment 12
Dataset: cifar
Model: 3hidden
LR: 0.01
Lambda: 0.01
Iter 10 :  Loss: 0.028383901689052582 Acc: 0.49524
Iter 20 :  Loss: 0.024572030403614043 Acc: 0.56728
Iter 30 :  Loss: 0.02243567209005356 Acc: 0.60542
Iter 40 :  Loss: 0.021023838336467742 Acc: 0.63456
Iter 50 :  Loss: 0.020006094893217086 Acc: 0.65428
Iter 60 :  Loss: 0.01923514198899269 Acc: 0.66954
Iter 70 :  Loss: 0.018631715041399002 Acc: 0.68104
Iter 80 :  Loss: 0.018138692767620087 Acc: 0.6918
Iter 90 :  Loss: 0.017719494013786315 Acc: 0.70224
Iter 100 :  Loss: 0.017352046085596085 Acc: 0.70896
Time Taken: 0:16:14.125582


*********************************************************************
Experiment 13
Dataset: mnist
Model: 1hidden
LR: 0.001
Lambda: 0.0001
Iter 10 :  Loss: 0.006055914953785638 Acc: 0.9140666666666667
Iter 20 :  Loss: 0.004742369269517561 Acc: 0.9329833333333334
Iter 30 :  Loss: 0.003927365541830659 Acc: 0.9445333333333333
Iter 40 :  Loss: 0.003351546727369229 Acc: 0.9534
Iter 50 :  Loss: 0.0029251627180725335 Acc: 0.9597333333333333
Iter 60 :  Loss: 0.002595886992771799 Acc: 0.96455
Iter 70 :  Loss: 0.0023326432410938043 Acc: 0.9683
Iter 80 :  Loss: 0.002116360956686549 Acc: 0.9716666666666667
Iter 90 :  Loss: 0.0019346128948343297 Acc: 0.9743333333333334
Iter 100 :  Loss: 0.0017794476968003437 Acc: 0.9764166666666667
Time Taken: 0:19:26.232300


*********************************************************************
Experiment 14
Dataset: mnist
Model: 2hidden
LR: 0.001
Lambda: 0.0001
Iter 10 :  Loss: 0.006346875271884104 Acc: 0.9089833333333334
Iter 20 :  Loss: 0.004759401117296269 Acc: 0.9314833333333333
Iter 30 :  Loss: 0.003824532701059555 Acc: 0.9452333333333334
Iter 40 :  Loss: 0.003169647738772134 Acc: 0.9549333333333333
Iter 50 :  Loss: 0.0026895399152378863 Acc: 0.9618166666666667
Iter 60 :  Loss: 0.00232157392007454 Acc: 0.96725
Iter 70 :  Loss: 0.002026999110445225 Acc: 0.9716
Iter 80 :  Loss: 0.001784979799075518 Acc: 0.97525
Iter 90 :  Loss: 0.0015828051129317222 Acc: 0.97815
Iter 100 :  Loss: 0.001411583615418446 Acc: 0.9804333333333334
Time Taken: 0:15:42.771391


*********************************************************************
Experiment 15
Dataset: mnist
Model: 3hidden
LR: 0.001
Lambda: 0.0001
Iter 10 :  Loss: 0.006945142140674094 Acc: 0.9004666666666666
Iter 20 :  Loss: 0.00491155509861807 Acc: 0.92915
Iter 30 :  Loss: 0.0037567779291576395 Acc: 0.9469
Iter 40 :  Loss: 0.0029664468526607378 Acc: 0.9578666666666666
Iter 50 :  Loss: 0.002406787176243961 Acc: 0.9657833333333333
Iter 60 :  Loss: 0.001987018074316438 Acc: 0.97185
Iter 70 :  Loss: 0.0016628325229258432 Acc: 0.9771
Iter 80 :  Loss: 0.0014067345457190337 Acc: 0.9810833333333333
Iter 90 :  Loss: 0.0011997577511686055 Acc: 0.9839833333333333
Iter 100 :  Loss: 0.0010290379349908714 Acc: 0.9864666666666667
Time Taken: 0:15:59.135400


*********************************************************************
Experiment 16
Dataset: cifar
Model: 1hidden
LR: 0.01
Lambda: 0.0001
Iter 10 :  Loss: 0.02495580356478691 Acc: 0.57414
Iter 20 :  Loss: 0.019915099205970763 Acc: 0.66808
Iter 30 :  Loss: 0.015728873653411864 Acc: 0.74916
Iter 40 :  Loss: 0.012037354193925858 Acc: 0.82248
Iter 50 :  Loss: 0.008920121622979641 Acc: 0.88438
Iter 60 :  Loss: 0.0064391791087388996 Acc: 0.93206
Iter 70 :  Loss: 0.004591638061106205 Acc: 0.96214
Iter 80 :  Loss: 0.003295038659721613 Acc: 0.98068
Iter 90 :  Loss: 0.0024227307049930094 Acc: 0.99
Iter 100 :  Loss: 0.0018430670561641455 Acc: 0.99474
Time Taken: 0:15:05.778628


*********************************************************************
Experiment 17
Dataset: cifar
Model: 2hidden
LR: 0.01
Lambda: 0.0001
Iter 10 :  Loss: 0.024184221025705336 Acc: 0.58058
Iter 20 :  Loss: 0.017210776268839836 Acc: 0.70674
Iter 30 :  Loss: 0.010995646963119507 Acc: 0.82524
Iter 40 :  Loss: 0.006947425993233919 Acc: 0.89534
Iter 50 :  Loss: 0.00461828577362001 Acc: 0.93428
Iter 60 :  Loss: 0.0029441146663576364 Acc: 0.95958
Iter 70 :  Loss: 0.002188668795861304 Acc: 0.97182
Iter 80 :  Loss: 0.0014615431536920368 Acc: 0.98144
Iter 90 :  Loss: 0.00023957498492207377 Acc: 0.99974
Iter 100 :  Loss: 0.00014076029679272324 Acc: 0.99998
Time Taken: 0:14:28.413392


*********************************************************************
Experiment 18
Dataset: cifar
Model: 3hidden
LR: 0.01
Lambda: 0.0001
Iter 10 :  Loss: 0.024395964748859404 Acc: 0.5704
Iter 20 :  Loss: 0.0166714196318388 Acc: 0.71274
Iter 30 :  Loss: 0.010404944451749325 Acc: 0.82534
Iter 40 :  Loss: 0.006474643293470144 Acc: 0.89512
Iter 50 :  Loss: 0.0039914559752494095 Acc: 0.93512
Iter 60 :  Loss: 0.002308159462586045 Acc: 0.96338
Iter 70 :  Loss: 0.0012564456595666707 Acc: 0.98104
Iter 80 :  Loss: 0.0016160490154009312 Acc: 0.97444
Iter 90 :  Loss: 0.00042147336048074064 Acc: 0.9949
Iter 100 :  Loss: 4.3523743902915156e-05 Acc: 1.0
Time Taken: 0:14:51.721931


*********************************************************************
Experiment 19
Dataset: mnist
Model: 1hidden
LR: 0.001
Lambda: 1e-06
Iter 10 :  Loss: 0.005992648077942431 Acc: 0.9148666666666667
Iter 20 :  Loss: 0.004676785092304151 Acc: 0.9340833333333334
Iter 30 :  Loss: 0.003890115007913361 Acc: 0.9454666666666667
Iter 40 :  Loss: 0.0033349456712293128 Acc: 0.9536833333333333
Iter 50 :  Loss: 0.0029167171428290508 Acc: 0.9591333333333333
Iter 60 :  Loss: 0.0025890434578526764 Acc: 0.9636833333333333
Iter 70 :  Loss: 0.0023251483706679815 Acc: 0.9684
Iter 80 :  Loss: 0.002107291846543861 Acc: 0.9715
Iter 90 :  Loss: 0.0019241655353922397 Acc: 0.9740666666666666
Iter 100 :  Loss: 0.0017677535712098081 Acc: 0.9763666666666667
Time Taken: 0:18:20.256060


*********************************************************************
Experiment 20
Dataset: mnist
Model: 2hidden
LR: 0.001
Lambda: 1e-06
Iter 10 :  Loss: 0.006297190281997125 Acc: 0.9101666666666667
Iter 20 :  Loss: 0.004794343407576283 Acc: 0.9309333333333333
Iter 30 :  Loss: 0.003874606866358469 Acc: 0.9451166666666667
Iter 40 :  Loss: 0.003200291555887088 Acc: 0.9549166666666666
Iter 50 :  Loss: 0.0026944839688095574 Acc: 0.9621
Iter 60 :  Loss: 0.0023035687499990067 Acc: 0.9676666666666667
Iter 70 :  Loss: 0.0019945640640876565 Acc: 0.97245
Iter 80 :  Loss: 0.0017449774336380263 Acc: 0.9761666666666666
Iter 90 :  Loss: 0.0015386209977053416 Acc: 0.9791833333333333
Iter 100 :  Loss: 0.0013659493803822745 Acc: 0.9812
Time Taken: 0:18:36.029523


*********************************************************************
Experiment 21
Dataset: mnist
Model: 3hidden
LR: 0.001
Lambda: 1e-06
Iter 10 :  Loss: 0.007087390021793544 Acc: 0.8986833333333333
Iter 20 :  Loss: 0.004935769811707238 Acc: 0.9287333333333333
Iter 30 :  Loss: 0.003786515437687437 Acc: 0.9458833333333333
Iter 40 :  Loss: 0.002992200151846434 Acc: 0.9575666666666667
Iter 50 :  Loss: 0.002423545025126077 Acc: 0.9660833333333333
Iter 60 :  Loss: 0.0020042603916255756 Acc: 0.9718666666666667
Iter 70 :  Loss: 0.0016812443181018655 Acc: 0.9764166666666667
Iter 80 :  Loss: 0.0014251087989347675 Acc: 0.9801166666666666
Iter 90 :  Loss: 0.0012177243185404222 Acc: 0.9838333333333333
Iter 100 :  Loss: 0.0010455399055033922 Acc: 0.9862166666666666
Time Taken: 0:17:22.014848


*********************************************************************
Experiment 22
Dataset: cifar
Model: 1hidden
LR: 0.01
Lambda: 1e-06
Iter 10 :  Loss: 0.02490037318944931 Acc: 0.57508
Iter 20 :  Loss: 0.019775032345056533 Acc: 0.67024
Iter 30 :  Loss: 0.015514821838140487 Acc: 0.75244
Iter 40 :  Loss: 0.011787616639137268 Acc: 0.82502
Iter 50 :  Loss: 0.008639707231223584 Acc: 0.888
Iter 60 :  Loss: 0.006134348540902138 Acc: 0.9364
Iter 70 :  Loss: 0.004287850754857063 Acc: 0.9659
Iter 80 :  Loss: 0.003003644563406706 Acc: 0.98256
Iter 90 :  Loss: 0.002152675900310278 Acc: 0.99132
Iter 100 :  Loss: 0.001594732300043106 Acc: 0.99562
Time Taken: 0:14:56.029245


*********************************************************************
Experiment 23
Dataset: cifar
Model: 2hidden
LR: 0.01
Lambda: 1e-06
Iter 10 :  Loss: 0.024218423830270768 Acc: 0.57972
Iter 20 :  Loss: 0.017242227585911752 Acc: 0.70716
Iter 30 :  Loss: 0.010896125057935715 Acc: 0.82868
Iter 40 :  Loss: 0.006744454008489847 Acc: 0.89928
Iter 50 :  Loss: 0.0043588208317011596 Acc: 0.93682
Iter 60 :  Loss: 0.002441382957622409 Acc: 0.96528
Iter 70 :  Loss: 0.0022564269832149146 Acc: 0.96808
Iter 80 :  Loss: 0.0013028947915975004 Acc: 0.98284
Iter 90 :  Loss: 0.000550158030805178 Acc: 0.99452
Iter 100 :  Loss: 0.00012023106826469302 Acc: 0.99998
Time Taken: 0:14:45.412912


*********************************************************************
Experiment 24
Dataset: cifar
Model: 3hidden
LR: 0.01
Lambda: 1e-06
Iter 10 :  Loss: 0.024472016019821168 Acc: 0.56922
Iter 20 :  Loss: 0.01659527246952057 Acc: 0.71288
Iter 30 :  Loss: 0.010143590379357338 Acc: 0.83108
Iter 40 :  Loss: 0.00615651340290904 Acc: 0.89908
Iter 50 :  Loss: 0.0037721525875106456 Acc: 0.9382
Iter 60 :  Loss: 0.0022277979845926167 Acc: 0.96412
Iter 70 :  Loss: 0.0016873553608218207 Acc: 0.9729
Iter 80 :  Loss: 0.0014073112394288182 Acc: 0.97698
Iter 90 :  Loss: 0.00021750425687176175 Acc: 0.9978
Iter 100 :  Loss: 2.774673050531419e-05 Acc: 1.0
Time Taken: 0:15:16.979312


*********************************************************************