Experiment 1
Dataset: mnist
Model: 1hidden
LR: 0.001
Lambda: 0
Iter 10 :  Loss: 0.006321572335685293 Acc: 0.9108833333333334
Iter 20 :  Loss: 0.005373032248206437 Acc: 0.9234166666666667
Iter 30 :  Loss: 0.00496038768456007 Acc: 0.9298
Iter 40 :  Loss: 0.004736721171283474 Acc: 0.93335
Iter 50 :  Loss: 0.004606599223210166 Acc: 0.93545
Iter 60 :  Loss: 0.004528250139113516 Acc: 0.9367
Iter 70 :  Loss: 0.004480177520060291 Acc: 0.9375
Iter 80 :  Loss: 0.0044503864096477625 Acc: 0.9378166666666666
Iter 90 :  Loss: 0.0044318083015891414 Acc: 0.9380833333333334
Iter 100 :  Loss: 0.004420156865629057 Acc: 0.9381166666666667

Time Taken: 0:18:14.093859

*********************************************************************
Experiment 2
Dataset: mnist
Model: 2hidden
LR: 0.001
Lambda: 0
Iter 10 :  Loss: 0.006755748817759256 Acc: 0.9044
Iter 20 :  Loss: 0.005569682767428458 Acc: 0.92025
Iter 30 :  Loss: 0.005094551370448123 Acc: 0.9268666666666666
Iter 40 :  Loss: 0.0048391188095944625 Acc: 0.9307333333333333
Iter 50 :  Loss: 0.004690035993761073 Acc: 0.9329333333333333
Iter 60 :  Loss: 0.004600062090251595 Acc: 0.9341
Iter 70 :  Loss: 0.004544800196339687 Acc: 0.9349
Iter 80 :  Loss: 0.004510533426205317 Acc: 0.9352833333333334
Iter 90 :  Loss: 0.004489147731941193 Acc: 0.9356666666666666
Iter 100 :  Loss: 0.0044757395942385 Acc: 0.9358666666666666

Time Taken: 0:19:17.096377

*********************************************************************
Experiment 3
Dataset: mnist
Model: 3hidden
LR: 0.001
Lambda: 0
Iter 10 :  Loss: 0.007995693045295776 Acc: 0.8876333333333334
Iter 20 :  Loss: 0.006095647045224905 Acc: 0.9131166666666667
Iter 30 :  Loss: 0.005439282424064974 Acc: 0.92215
Iter 40 :  Loss: 0.005096487687279781 Acc: 0.9267833333333333
Iter 50 :  Loss: 0.0048998156840602556 Acc: 0.9297666666666666
Iter 60 :  Loss: 0.004782204696411888 Acc: 0.9313166666666667
Iter 70 :  Loss: 0.004710234891778479 Acc: 0.93225
Iter 80 :  Loss: 0.004665644927695394 Acc: 0.9328833333333333
Iter 90 :  Loss: 0.004637866331792126 Acc: 0.9332
Iter 100 :  Loss: 0.004620484155354401 Acc: 0.9334333333333333

Time Taken: 0:19:45.493113

*********************************************************************
Experiment 4
Dataset: cifar
Model: 1hidden
LR: 0.01
Lambda: 0
Iter 10 :  Loss: 0.025601948320865632 Acc: 0.56454
Iter 20 :  Loss: 0.022050483614206313 Acc: 0.63278
Iter 30 :  Loss: 0.01997719940185547 Acc: 0.67298
Iter 40 :  Loss: 0.01868751141667366 Acc: 0.6981
Iter 50 :  Loss: 0.01787547529220581 Acc: 0.71426
Iter 60 :  Loss: 0.017361438103318215 Acc: 0.72464
Iter 70 :  Loss: 0.01703557802081108 Acc: 0.73164
Iter 80 :  Loss: 0.016829172883033754 Acc: 0.73582
Iter 90 :  Loss: 0.016698270406126977 Acc: 0.73864
Iter 100 :  Loss: 0.016615072789788247 Acc: 0.7404

Time Taken: 0:17:29.619581

*********************************************************************
Experiment 5
Dataset: cifar
Model: 2hidden
LR: 0.01
Lambda: 0
Iter 10 :  Loss: 0.02490222050309181 Acc: 0.56964
Iter 20 :  Loss: 0.01966185161590576 Acc: 0.6644
Iter 30 :  Loss: 0.016065194349884987 Acc: 0.7305
Iter 40 :  Loss: 0.013602145498394965 Acc: 0.77862
Iter 50 :  Loss: 0.011994225518703461 Acc: 0.81332
Iter 60 :  Loss: 0.010972755382061005 Acc: 0.83488
Iter 70 :  Loss: 0.01032743376493454 Acc: 0.84802
Iter 80 :  Loss: 0.009919877846240998 Acc: 0.85592
Iter 90 :  Loss: 0.009661369895339013 Acc: 0.86052
Iter 100 :  Loss: 0.009497372257113456 Acc: 0.86412

Time Taken: 0:17:55.590299

*********************************************************************
Experiment 6
Dataset: cifar
Model: 3hidden
LR: 0.01
Lambda: 0
Iter 10 :  Loss: 0.025341415350437164 Acc: 0.55436
Iter 20 :  Loss: 0.018784884943962098 Acc: 0.67018
Iter 30 :  Loss: 0.013658995923995972 Acc: 0.77002
Iter 40 :  Loss: 0.009968991140425204 Acc: 0.84188
Iter 50 :  Loss: 0.007678761606812477 Acc: 0.88522
Iter 60 :  Loss: 0.006333538132011891 Acc: 0.9112
Iter 70 :  Loss: 0.005542854601442814 Acc: 0.92586
Iter 80 :  Loss: 0.00507183319658041 Acc: 0.93404
Iter 90 :  Loss: 0.004786646324545145 Acc: 0.93996
Iter 100 :  Loss: 0.004609663581848144 Acc: 0.94308

Time Taken: 0:18:15.300657

*********************************************************************
Experiment 7
Dataset: mnist
Model: 1hidden
LR: 0.001
Lambda: 0.01
Iter 10 :  Loss: 0.006635436213761568 Acc: 0.9084666666666666
Iter 20 :  Loss: 0.005783506568645438 Acc: 0.9196333333333333
Iter 30 :  Loss: 0.005433274354537328 Acc: 0.9249666666666667
Iter 40 :  Loss: 0.005248861832295855 Acc: 0.9276
Iter 50 :  Loss: 0.005143266993016004 Acc: 0.9294833333333333
Iter 60 :  Loss: 0.0050802200202209255 Acc: 0.9307
Iter 70 :  Loss: 0.005041733181818078 Acc: 0.93125
Iter 80 :  Loss: 0.005017931859288365 Acc: 0.9317
Iter 90 :  Loss: 0.005003092358509699 Acc: 0.9319
Iter 100 :  Loss: 0.004993800687634696 Acc: 0.9320166666666667

Time Taken: 0:19:47.577053

*********************************************************************
Experiment 8
Dataset: mnist
Model: 2hidden
LR: 0.001
Lambda: 0.01
Iter 10 :  Loss: 0.007057305638367931 Acc: 0.9017333333333334
Iter 20 :  Loss: 0.006012665080651641 Acc: 0.9154666666666667
Iter 30 :  Loss: 0.005617081085592508 Acc: 0.9210333333333334
Iter 40 :  Loss: 0.005410433250293135 Acc: 0.92415
Iter 50 :  Loss: 0.0052913503358761466 Acc: 0.9260166666666667
Iter 60 :  Loss: 0.0052199945256114 Acc: 0.9270166666666667
Iter 70 :  Loss: 0.005176312601938844 Acc: 0.9276833333333333
Iter 80 :  Loss: 0.005149246833411356 Acc: 0.9282
Iter 90 :  Loss: 0.005132357367562751 Acc: 0.9284
Iter 100 :  Loss: 0.0051217690983787175 Acc: 0.9285833333333333

Time Taken: 0:19:50.607113

*********************************************************************
Experiment 9
Dataset: mnist
Model: 3hidden
LR: 0.001
Lambda: 0.01
Iter 10 :  Loss: 0.008473217541972796 Acc: 0.884
Iter 20 :  Loss: 0.006657557797431946 Acc: 0.9066333333333333
Iter 30 :  Loss: 0.006123143685298662 Acc: 0.9141
Iter 40 :  Loss: 0.005856857006810606 Acc: 0.9177833333333333
Iter 50 :  Loss: 0.0057051703699554 Acc: 0.9199
Iter 60 :  Loss: 0.005614528209902346 Acc: 0.9214
Iter 70 :  Loss: 0.005559138166097303 Acc: 0.9225333333333333
Iter 80 :  Loss: 0.005524832689451675 Acc: 0.9231
Iter 90 :  Loss: 0.005503419652208686 Acc: 0.9233166666666667
Iter 100 :  Loss: 0.005490004909038544 Acc: 0.9234833333333333

Time Taken: 0:18:26.159778

*********************************************************************
Experiment 10
Dataset: cifar
Model: 1hidden
LR: 0.01
Lambda: 0.01
Iter 10 :  Loss: 0.027774381856918336 Acc: 0.52614
Iter 20 :  Loss: 0.02602692613005638 Acc: 0.55978
Iter 30 :  Loss: 0.025254247686862945 Acc: 0.57622
Iter 40 :  Loss: 0.024837178676128387 Acc: 0.58444
Iter 50 :  Loss: 0.024592842047214507 Acc: 0.59006
Iter 60 :  Loss: 0.02444297553539276 Acc: 0.59316
Iter 70 :  Loss: 0.0243495310652256 Acc: 0.59536
Iter 80 :  Loss: 0.02429064185142517 Acc: 0.59752
Iter 90 :  Loss: 0.02425332633972168 Acc: 0.59836
Iter 100 :  Loss: 0.0242296085190773 Acc: 0.59886

Time Taken: 0:15:14.330535

*********************************************************************
Experiment 11
Dataset: cifar
Model: 2hidden
LR: 0.01
Lambda: 0.01
Iter 10 :  Loss: 0.02780127066373825 Acc: 0.51478
Iter 20 :  Loss: 0.02516425309419632 Acc: 0.56534
Iter 30 :  Loss: 0.02383504177570343 Acc: 0.59174
Iter 40 :  Loss: 0.02303917142033577 Acc: 0.60846
Iter 50 :  Loss: 0.02253815661907196 Acc: 0.61876
Iter 60 :  Loss: 0.022218087998628615 Acc: 0.62504
Iter 70 :  Loss: 0.022012337723970415 Acc: 0.62952
Iter 80 :  Loss: 0.021880680800676344 Acc: 0.63264
Iter 90 :  Loss: 0.021796350795030593 Acc: 0.6344
Iter 100 :  Loss: 0.021742460839748384 Acc: 0.63566

Time Taken: 0:14:21.054270

*********************************************************************
Experiment 12
Dataset: cifar
Model: 3hidden
LR: 0.01
Lambda: 0.01
Iter 10 :  Loss: 0.02888086819410324 Acc: 0.4853
Iter 20 :  Loss: 0.025297728888988496 Acc: 0.55332
Iter 30 :  Loss: 0.023197287659645082 Acc: 0.59358
Iter 40 :  Loss: 0.0216965697991848 Acc: 0.6219
Iter 50 :  Loss: 0.020605461980104448 Acc: 0.64296
Iter 60 :  Loss: 0.019837863148450853 Acc: 0.65892
Iter 70 :  Loss: 0.019309080836772918 Acc: 0.66884
Iter 80 :  Loss: 0.018952926496267317 Acc: 0.67586
Iter 90 :  Loss: 0.018717486362457274 Acc: 0.68076
Iter 100 :  Loss: 0.018563271790742873 Acc: 0.68396

Time Taken: 0:14:45.990979

*********************************************************************
Experiment 13
Dataset: mnist
Model: 1hidden
LR: 0.001
Lambda: 0.0001
Iter 10 :  Loss: 0.006348931254632771 Acc: 0.9108166666666667
Iter 20 :  Loss: 0.005388253593382736 Acc: 0.9238
Iter 30 :  Loss: 0.004970794222938518 Acc: 0.9299166666666666
Iter 40 :  Loss: 0.004745808174212773 Acc: 0.9332333333333334
Iter 50 :  Loss: 0.004615361205488443 Acc: 0.9351666666666667
Iter 60 :  Loss: 0.0045370938958289725 Acc: 0.9364166666666667
Iter 70 :  Loss: 0.0044891995979472995 Acc: 0.9369666666666666
Iter 80 :  Loss: 0.004459529389534146 Acc: 0.9373166666666667
Iter 90 :  Loss: 0.004441015464750429 Acc: 0.9374666666666667
Iter 100 :  Loss: 0.004429415232129395 Acc: 0.9377

Time Taken: 0:19:35.632210

*********************************************************************
Experiment 14
Dataset: mnist
Model: 2hidden
LR: 0.001
Lambda: 0.0001
Iter 10 :  Loss: 0.006799302745672564 Acc: 0.9032
Iter 20 :  Loss: 0.00561446657984828 Acc: 0.9193666666666667
Iter 30 :  Loss: 0.005130996843520552 Acc: 0.9261666666666667
Iter 40 :  Loss: 0.004869060203495125 Acc: 0.9299833333333334
Iter 50 :  Loss: 0.00471608101548627 Acc: 0.93225
Iter 60 :  Loss: 0.004623730201615641 Acc: 0.93375
Iter 70 :  Loss: 0.004567000270759066 Acc: 0.9346
Iter 80 :  Loss: 0.004531752411586543 Acc: 0.9351833333333334
Iter 90 :  Loss: 0.004509730576599638 Acc: 0.9354833333333333
Iter 100 :  Loss: 0.00449593185664465 Acc: 0.93585

Time Taken: 0:19:52.000067

*********************************************************************
Experiment 15
Dataset: mnist
Model: 3hidden
LR: 0.001
Lambda: 0.0001
Iter 10 :  Loss: 0.007959000391947727 Acc: 0.8862666666666666
Iter 20 :  Loss: 0.006033959467336535 Acc: 0.91195
Iter 30 :  Loss: 0.005370634580714007 Acc: 0.9226333333333333
Iter 40 :  Loss: 0.0050256069653357065 Acc: 0.9271833333333334
Iter 50 :  Loss: 0.004827439843863249 Acc: 0.92985
Iter 60 :  Loss: 0.00470870893880104 Acc: 0.9314833333333333
Iter 70 :  Loss: 0.004635944077434639 Acc: 0.9326
Iter 80 :  Loss: 0.004590880855886887 Acc: 0.9332666666666667
Iter 90 :  Loss: 0.0045627832813809315 Acc: 0.9335666666666667
Iter 100 :  Loss: 0.004545162729453296 Acc: 0.9337666666666666

Time Taken: 0:17:35.381768

*********************************************************************
Experiment 16
Dataset: cifar
Model: 1hidden
LR: 0.01
Lambda: 0.0001
Iter 10 :  Loss: 0.025571716207265855 Acc: 0.56314
Iter 20 :  Loss: 0.022060026813745498 Acc: 0.6296
Iter 30 :  Loss: 0.0200154548227787 Acc: 0.67044
Iter 40 :  Loss: 0.018740849047899247 Acc: 0.6946
Iter 50 :  Loss: 0.0179407066655159 Acc: 0.71222
Iter 60 :  Loss: 0.01743431114077568 Acc: 0.72282
Iter 70 :  Loss: 0.017113491047024726 Acc: 0.7294
Iter 80 :  Loss: 0.01691020787000656 Acc: 0.73272
Iter 90 :  Loss: 0.01678128219127655 Acc: 0.7354
Iter 100 :  Loss: 0.016699262431263923 Acc: 0.73688

Time Taken: 0:14:13.068079

*********************************************************************
Experiment 17
Dataset: cifar
Model: 2hidden
LR: 0.01
Lambda: 0.0001
Iter 10 :  Loss: 0.024837888535261154 Acc: 0.56932
Iter 20 :  Loss: 0.01958419314622879 Acc: 0.6676
Iter 30 :  Loss: 0.015912153384685518 Acc: 0.73618
Iter 40 :  Loss: 0.013396028656363487 Acc: 0.7862
Iter 50 :  Loss: 0.011762655364871024 Acc: 0.8188
Iter 60 :  Loss: 0.010728928834795952 Acc: 0.8405
Iter 70 :  Loss: 0.010077963010072709 Acc: 0.85346
Iter 80 :  Loss: 0.009667409299016 Acc: 0.862
Iter 90 :  Loss: 0.009407651100158692 Acc: 0.8672
Iter 100 :  Loss: 0.009243274747133256 Acc: 0.8702

Time Taken: 0:14:29.742387

*********************************************************************
Experiment 18
Dataset: cifar
Model: 3hidden
LR: 0.01
Lambda: 0.0001
Iter 10 :  Loss: 0.02533264712572098 Acc: 0.55452
Iter 20 :  Loss: 0.018950145431756972 Acc: 0.66964
Iter 30 :  Loss: 0.014043939316868781 Acc: 0.76138
Iter 40 :  Loss: 0.010457278912067413 Acc: 0.83154
Iter 50 :  Loss: 0.008184338179528712 Acc: 0.87628
Iter 60 :  Loss: 0.006837004516422748 Acc: 0.90166
Iter 70 :  Loss: 0.0060457767674326895 Acc: 0.91638
Iter 80 :  Loss: 0.005569874151945114 Acc: 0.92462
Iter 90 :  Loss: 0.005279458580315113 Acc: 0.92948
Iter 100 :  Loss: 0.005097929027378559 Acc: 0.93298

Time Taken: 0:14:51.235348

*********************************************************************
Experiment 19
Dataset: mnist
Model: 1hidden
LR: 0.001
Lambda: 1e-06
Iter 10 :  Loss: 0.006368097525524597 Acc: 0.9099666666666667
Iter 20 :  Loss: 0.005435250068238626 Acc: 0.9229666666666667
Iter 30 :  Loss: 0.005024772840862473 Acc: 0.92925
Iter 40 :  Loss: 0.004800694956816733 Acc: 0.9323666666666667
Iter 50 :  Loss: 0.004669936619202296 Acc: 0.9341333333333334
Iter 60 :  Loss: 0.004591073576360941 Acc: 0.9354666666666667
Iter 70 :  Loss: 0.004542569395620376 Acc: 0.93605
Iter 80 :  Loss: 0.004512448731344193 Acc: 0.9362833333333334
Iter 90 :  Loss: 0.004493620609709372 Acc: 0.9366166666666667
Iter 100 :  Loss: 0.0044818096673116085 Acc: 0.9368166666666666

Time Taken: 0:20:06.923940

*********************************************************************
Experiment 20
Dataset: mnist
Model: 2hidden
LR: 0.001
Lambda: 1e-06
Iter 10 :  Loss: 0.006772544105164707 Acc: 0.90405
Iter 20 :  Loss: 0.005548657696135342 Acc: 0.92035
Iter 30 :  Loss: 0.005052100214920938 Acc: 0.9277
Iter 40 :  Loss: 0.0047869919525459406 Acc: 0.9315333333333333
Iter 50 :  Loss: 0.004633152107677112 Acc: 0.9337333333333333
Iter 60 :  Loss: 0.004540533886260042 Acc: 0.93515
Iter 70 :  Loss: 0.00448368314144512 Acc: 0.9360166666666667
Iter 80 :  Loss: 0.004448420121986419 Acc: 0.9364166666666667
Iter 90 :  Loss: 0.004426416224334389 Acc: 0.9368166666666666
Iter 100 :  Loss: 0.004412629762447128 Acc: 0.9370333333333334

Time Taken: 0:20:25.750235

*********************************************************************
Experiment 21
Dataset: mnist
Model: 3hidden
LR: 0.001
Lambda: 1e-06
Iter 10 :  Loss: 0.008094522140795986 Acc: 0.88565
Iter 20 :  Loss: 0.006153644660611948 Acc: 0.91165
Iter 30 :  Loss: 0.0055071643494069575 Acc: 0.9204666666666667
Iter 40 :  Loss: 0.0051755654715932905 Acc: 0.9250166666666667
Iter 50 :  Loss: 0.0049852887840631105 Acc: 0.9280166666666667
Iter 60 :  Loss: 0.004871428504989793 Acc: 0.9297
Iter 70 :  Loss: 0.0048017639182818435 Acc: 0.9309
Iter 80 :  Loss: 0.0047586403453412154 Acc: 0.9314833333333333
Iter 90 :  Loss: 0.004731723654953142 Acc: 0.93195
Iter 100 :  Loss: 0.004714840229911109 Acc: 0.9322

Time Taken: 0:20:30.011396

*********************************************************************
Experiment 22
Dataset: cifar
Model: 1hidden
LR: 0.01
Lambda: 1e-06
Iter 10 :  Loss: 0.025653010004758836 Acc: 0.56288
Iter 20 :  Loss: 0.022108635734319686 Acc: 0.63072
Iter 30 :  Loss: 0.020039630616903305 Acc: 0.67082
Iter 40 :  Loss: 0.01875061466217041 Acc: 0.69648
Iter 50 :  Loss: 0.01793732300400734 Acc: 0.71286
Iter 60 :  Loss: 0.01742248136997223 Acc: 0.7224
Iter 70 :  Loss: 0.01709688609957695 Acc: 0.72906
Iter 80 :  Loss: 0.016890416036844255 Acc: 0.73354
Iter 90 :  Loss: 0.016759419622421265 Acc: 0.73618
Iter 100 :  Loss: 0.016676148726940156 Acc: 0.73786

Time Taken: 0:18:39.710959

*********************************************************************
Experiment 23
Dataset: cifar
Model: 2hidden
LR: 0.01
Lambda: 1e-06
Iter 10 :  Loss: 0.02506667458295822 Acc: 0.56622
Iter 20 :  Loss: 0.019884738174676894 Acc: 0.66154
Iter 30 :  Loss: 0.016297490049600603 Acc: 0.7308
Iter 40 :  Loss: 0.013837836577892303 Acc: 0.7794
Iter 50 :  Loss: 0.012222752193808556 Acc: 0.81152
Iter 60 :  Loss: 0.011190746368765832 Acc: 0.83194
Iter 70 :  Loss: 0.01053726680457592 Acc: 0.84538
Iter 80 :  Loss: 0.010124218768775462 Acc: 0.85342
Iter 90 :  Loss: 0.009861706695854663 Acc: 0.85882
Iter 100 :  Loss: 0.009695239363014698 Acc: 0.8626

Time Taken: 0:18:14.008850

*********************************************************************
Experiment 24
Dataset: cifar
Model: 3hidden
LR: 0.01
Lambda: 1e-06
Iter 10 :  Loss: 0.025585904153585436 Acc: 0.54684
Iter 20 :  Loss: 0.019028817648887635 Acc: 0.66636
Iter 30 :  Loss: 0.013881850095391274 Acc: 0.76384
Iter 40 :  Loss: 0.010156346113085747 Acc: 0.83676
Iter 50 :  Loss: 0.007831886553764343 Acc: 0.8829
Iter 60 :  Loss: 0.0064766009926795955 Acc: 0.90922
Iter 70 :  Loss: 0.005682631148099899 Acc: 0.9239
Iter 80 :  Loss: 0.005208296189308167 Acc: 0.93302
Iter 90 :  Loss: 0.0049182929049432274 Acc: 0.93766
Iter 100 :  Loss: 0.004737885653376579 Acc: 0.9405

Time Taken: 0:17:01.483905

*********************************************************************