Experiment 1
Dataset: mnist
Model: 1hidden
LR: 0.001
Lambda: 0
Iter 10 :  Loss: 0.0060083788382510345 Acc: 0.9148166666666666
Iter 20 :  Loss: 0.004712453777870784 Acc: 0.9335833333333333
Iter 30 :  Loss: 0.003911221968134244 Acc: 0.9457
Iter 40 :  Loss: 0.003342932228790596 Acc: 0.9534833333333333
Iter 50 :  Loss: 0.0029199808083940296 Acc: 0.95915
Iter 60 :  Loss: 0.0025920175655977803 Acc: 0.96405
Iter 70 :  Loss: 0.0023283796324472254 Acc: 0.9683
Iter 80 :  Loss: 0.0021109867928937698 Acc: 0.9715166666666667
Iter 90 :  Loss: 0.0019279942294078258 Acc: 0.9740166666666666
Iter 100 :  Loss: 0.0017720919516907695 Acc: 0.976

Time Taken: 0:35:38.867281

*********************************************************************
Experiment 2
Dataset: mnist
Model: 2hidden
LR: 0.001
Lambda: 0
Iter 10 :  Loss: 0.006271922144293785 Acc: 0.90955
Iter 20 :  Loss: 0.004700805819313973 Acc: 0.9328333333333333
Iter 30 :  Loss: 0.003763979521533474 Acc: 0.94685
Iter 40 :  Loss: 0.00311082549309358 Acc: 0.9560666666666666
Iter 50 :  Loss: 0.0026296527322769788 Acc: 0.9627833333333333
Iter 60 :  Loss: 0.0022595718572071444 Acc: 0.9684
Iter 70 :  Loss: 0.001963469233852811 Acc: 0.97295
Iter 80 :  Loss: 0.001720537737570703 Acc: 0.97645
Iter 90 :  Loss: 0.0015180183743243106 Acc: 0.9794166666666667
Iter 100 :  Loss: 0.0013468014300451615 Acc: 0.9820166666666666

Time Taken: 0:36:35.433852

*********************************************************************
Experiment 3
Dataset: mnist
Model: 3hidden
LR: 0.001
Lambda: 0
Iter 10 :  Loss: 0.007159655507281423 Acc: 0.8997
Iter 20 :  Loss: 0.004952074391394854 Acc: 0.92855
Iter 30 :  Loss: 0.0038068527079963437 Acc: 0.94575
Iter 40 :  Loss: 0.003002651617862284 Acc: 0.9568166666666666
Iter 50 :  Loss: 0.0024306715392274783 Acc: 0.9654666666666667
Iter 60 :  Loss: 0.0020053956372042495 Acc: 0.9717333333333333
Iter 70 :  Loss: 0.0016762604459382904 Acc: 0.9767166666666667
Iter 80 :  Loss: 0.0014152314193197526 Acc: 0.9805333333333334
Iter 90 :  Loss: 0.0012053452551423107 Acc: 0.9838
Iter 100 :  Loss: 0.0010330645313680483 Acc: 0.98665

Time Taken: 0:38:11.899064

*********************************************************************
Experiment 4
Dataset: cifar
Model: 1hidden
LR: 0.01
Lambda: 0
Iter 10 :  Loss: 0.023542514508962633 Acc: 0.60412
Iter 20 :  Loss: 0.017316360721588136 Acc: 0.72438
Iter 30 :  Loss: 0.012243206713199615 Acc: 0.82694
Iter 40 :  Loss: 0.008296169260442257 Acc: 0.90714
Iter 50 :  Loss: 0.00556783661544323 Acc: 0.95406
Iter 60 :  Loss: 0.004999457160681486 Acc: 0.94608
Iter 70 :  Loss: 0.004063895995914936 Acc: 0.95686
Iter 80 :  Loss: 0.004347117227464914 Acc: 0.94154
Iter 90 :  Loss: 0.004044674195051193 Acc: 0.9422
Iter 100 :  Loss: 0.0033407972479611637 Acc: 0.95448

Time Taken: 0:32:35.180114

*********************************************************************
Experiment 5
Dataset: cifar
Model: 2hidden
LR: 0.01
Lambda: 0
Iter 10 :  Loss: 0.021499720065593718 Acc: 0.63334
Iter 20 :  Loss: 0.0140952583026886 Acc: 0.76252
Iter 30 :  Loss: 0.009853273269832135 Acc: 0.83666
Iter 40 :  Loss: 0.007975015570968389 Acc: 0.8684
Iter 50 :  Loss: 0.0068235349208116535 Acc: 0.8853
Iter 60 :  Loss: 0.005233093160912395 Acc: 0.9121
Iter 70 :  Loss: 0.004345743265375495 Acc: 0.92674
Iter 80 :  Loss: 0.004464163338169455 Acc: 0.92372
Iter 90 :  Loss: 0.0035141190222650765 Acc: 0.94008
Iter 100 :  Loss: 0.00370419154882431 Acc: 0.93588

Time Taken: 0:35:45.587148

*********************************************************************
Experiment 6
Dataset: cifar
Model: 3hidden
LR: 0.01
Lambda: 0
Iter 10 :  Loss: 0.021238648661375047 Acc: 0.62642
Iter 20 :  Loss: 0.015210871636867523 Acc: 0.7368
Iter 30 :  Loss: 0.010292682810723782 Acc: 0.82284
Iter 40 :  Loss: 0.007390655678212643 Acc: 0.87326
Iter 50 :  Loss: 0.005745327586606145 Acc: 0.89906
Iter 60 :  Loss: 0.004991263331472874 Acc: 0.9118
Iter 70 :  Loss: 0.004294730115532875 Acc: 0.92514
Iter 80 :  Loss: 0.0032245366372168063 Acc: 0.94538
Iter 90 :  Loss: 0.002863621632568538 Acc: 0.95076
Iter 100 :  Loss: 0.002090935881901532 Acc: 0.9647

Time Taken: 0:36:04.711040

*********************************************************************
Experiment 7
Dataset: mnist
Model: 1hidden
LR: 0.001
Lambda: 0.01
Iter 10 :  Loss: 0.006319993591370682 Acc: 0.9123
Iter 20 :  Loss: 0.00519054182668527 Acc: 0.9288833333333333
Iter 30 :  Loss: 0.004547137090656906 Acc: 0.93895
Iter 40 :  Loss: 0.004113083910321196 Acc: 0.94545
Iter 50 :  Loss: 0.003806052951794118 Acc: 0.95015
Iter 60 :  Loss: 0.003580753005637477 Acc: 0.9534333333333334
Iter 70 :  Loss: 0.003409026406891644 Acc: 0.9564666666666667
Iter 80 :  Loss: 0.003275494524867584 Acc: 0.9588666666666666
Iter 90 :  Loss: 0.0031691824288107456 Acc: 0.9601666666666666
Iter 100 :  Loss: 0.003083190452385073 Acc: 0.96135

Time Taken: 0:36:22.904588

*********************************************************************
Experiment 8
Dataset: mnist
Model: 2hidden
LR: 0.001
Lambda: 0.01
Iter 10 :  Loss: 0.0066564473455150925 Acc: 0.90645
Iter 20 :  Loss: 0.005388935134684046 Acc: 0.9248666666666666
Iter 30 :  Loss: 0.004688913887335608 Acc: 0.9357666666666666
Iter 40 :  Loss: 0.004191459921188653 Acc: 0.9433166666666667
Iter 50 :  Loss: 0.0038274613475737474 Acc: 0.9487666666666666
Iter 60 :  Loss: 0.003555892002116889 Acc: 0.9530166666666666
Iter 70 :  Loss: 0.0033464596165965 Acc: 0.9564166666666667
Iter 80 :  Loss: 0.0031818259119677046 Acc: 0.9591166666666666
Iter 90 :  Loss: 0.003049430516610543 Acc: 0.96115
Iter 100 :  Loss: 0.002941044691344723 Acc: 0.9627

Time Taken: 0:38:38.302411

*********************************************************************
Experiment 9
Dataset: mnist
Model: 3hidden
LR: 0.001
Lambda: 0.01
Iter 10 :  Loss: 0.007740285023798545 Acc: 0.8924833333333333
Iter 20 :  Loss: 0.005798730429758628 Acc: 0.91865
Iter 30 :  Loss: 0.004837409066719313 Acc: 0.93235
Iter 40 :  Loss: 0.004169309890766939 Acc: 0.9430666666666667
Iter 50 :  Loss: 0.003702265910773228 Acc: 0.94985
Iter 60 :  Loss: 0.003368656465752671 Acc: 0.9553833333333334
Iter 70 :  Loss: 0.003117839646929254 Acc: 0.9595833333333333
Iter 80 :  Loss: 0.0029216998966410754 Acc: 0.9628166666666667
Iter 90 :  Loss: 0.0027649405626114457 Acc: 0.9651166666666666
Iter 100 :  Loss: 0.002637752974964678 Acc: 0.9672

Time Taken: 0:40:47.512404

*********************************************************************
Experiment 10
Dataset: cifar
Model: 1hidden
LR: 0.01
Lambda: 0.01
Iter 10 :  Loss: 0.026620484396219255 Acc: 0.55014
Iter 20 :  Loss: 0.024388264306783675 Acc: 0.59556
Iter 30 :  Loss: 0.02335501371860504 Acc: 0.61796
Iter 40 :  Loss: 0.022780857747793197 Acc: 0.63084
Iter 50 :  Loss: 0.022428611553907393 Acc: 0.63968
Iter 60 :  Loss: 0.022193925728797914 Acc: 0.64586
Iter 70 :  Loss: 0.022023287354707717 Acc: 0.64974
Iter 80 :  Loss: 0.02189621952176094 Acc: 0.6534
Iter 90 :  Loss: 0.02179945865035057 Acc: 0.65582
Iter 100 :  Loss: 0.021720602986812592 Acc: 0.65772

Time Taken: 0:30:11.567515

*********************************************************************
Experiment 11
Dataset: cifar
Model: 2hidden
LR: 0.01
Lambda: 0.01
Iter 10 :  Loss: 0.026093520561456682 Acc: 0.54946
Iter 20 :  Loss: 0.0218576459980011 Acc: 0.63174
Iter 30 :  Loss: 0.019228911110162734 Acc: 0.68604
Iter 40 :  Loss: 0.017553924558162688 Acc: 0.72182
Iter 50 :  Loss: 0.01663541572213173 Acc: 0.74182
Iter 60 :  Loss: 0.01641303727388382 Acc: 0.74714
Iter 70 :  Loss: 0.015622120878100396 Acc: 0.76766
Iter 80 :  Loss: 0.015232128741145134 Acc: 0.77746
Iter 90 :  Loss: 0.01522329617202282 Acc: 0.77478
Iter 100 :  Loss: 0.014687434408068656 Acc: 0.7906

Time Taken: 0:31:21.809850

*********************************************************************
Experiment 12
Dataset: cifar
Model: 3hidden
LR: 0.01
Lambda: 0.01
Iter 10 :  Loss: 0.026131092438697816 Acc: 0.53724
Iter 20 :  Loss: 0.021137625645399092 Acc: 0.6318
Iter 30 :  Loss: 0.01907066463470459 Acc: 0.6714
Iter 40 :  Loss: 0.018271293407678604 Acc: 0.68698
Iter 50 :  Loss: 0.01761692101597786 Acc: 0.70104
Iter 60 :  Loss: 0.016376706982254984 Acc: 0.72824
Iter 70 :  Loss: 0.016133766449689866 Acc: 0.73216
Iter 80 :  Loss: 0.016622713955044745 Acc: 0.7227
Iter 90 :  Loss: 0.016334127729535103 Acc: 0.72772
Iter 100 :  Loss: 0.016199287436008455 Acc: 0.7316

Time Taken: 0:33:08.277292

*********************************************************************
Experiment 13
Dataset: mnist
Model: 1hidden
LR: 0.001
Lambda: 0.0001
Iter 10 :  Loss: 0.005963297491831084 Acc: 0.91555
Iter 20 :  Loss: 0.004661525012335429 Acc: 0.9345
Iter 30 :  Loss: 0.003879684136932095 Acc: 0.9459666666666666
Iter 40 :  Loss: 0.0033224406338917714 Acc: 0.9538333333333333
Iter 50 :  Loss: 0.0029024835640719783 Acc: 0.9601333333333333
Iter 60 :  Loss: 0.0025750148729421197 Acc: 0.9647166666666667
Iter 70 :  Loss: 0.0023116221287675823 Acc: 0.96895
Iter 80 :  Loss: 0.0020948420701160405 Acc: 0.97245
Iter 90 :  Loss: 0.0019133923860732466 Acc: 0.9747166666666667
Iter 100 :  Loss: 0.0017587181606174757 Acc: 0.9765

Time Taken: 0:34:44.066279

*********************************************************************
Experiment 14
Dataset: mnist
Model: 2hidden
LR: 0.001
Lambda: 0.0001
Iter 10 :  Loss: 0.006290007570323845 Acc: 0.9100166666666667
Iter 20 :  Loss: 0.00474169411379844 Acc: 0.9319166666666666
Iter 30 :  Loss: 0.003822859286516905 Acc: 0.9451166666666667
Iter 40 :  Loss: 0.0031671015090774745 Acc: 0.9547166666666667
Iter 50 :  Loss: 0.002678527269558981 Acc: 0.9618666666666666
Iter 60 :  Loss: 0.0022994340481857457 Acc: 0.9674666666666667
Iter 70 :  Loss: 0.0019959459317537647 Acc: 0.9722333333333333
Iter 80 :  Loss: 0.0017485579383947577 Acc: 0.9755666666666667
Iter 90 :  Loss: 0.0015432152162461231 Acc: 0.9788166666666667
Iter 100 :  Loss: 0.0013702258915795635 Acc: 0.9814166666666667

Time Taken: 0:34:36.377056

*********************************************************************
Experiment 15
Dataset: mnist
Model: 3hidden
LR: 0.001
Lambda: 0.0001
Iter 10 :  Loss: 0.007183468403170506 Acc: 0.8980666666666667
Iter 20 :  Loss: 0.004864547268860042 Acc: 0.9306333333333333
Iter 30 :  Loss: 0.0036922117359470576 Acc: 0.9475166666666667
Iter 40 :  Loss: 0.0029277052782165506 Acc: 0.95825
Iter 50 :  Loss: 0.0023912880866400277 Acc: 0.9659833333333333
Iter 60 :  Loss: 0.0019937952764875564 Acc: 0.97205
Iter 70 :  Loss: 0.0016826235060580074 Acc: 0.9767333333333333
Iter 80 :  Loss: 0.001429711803413617 Acc: 0.9810833333333333
Iter 90 :  Loss: 0.001220769746871277 Acc: 0.9840833333333333
Iter 100 :  Loss: 0.0010460691290344888 Acc: 0.9866333333333334

Time Taken: 0:34:50.797555

*********************************************************************
Experiment 16
Dataset: cifar
Model: 1hidden
LR: 0.01
Lambda: 0.0001
Iter 10 :  Loss: 0.023580555303096773 Acc: 0.60406
Iter 20 :  Loss: 0.017457905842065812 Acc: 0.72278
Iter 30 :  Loss: 0.012449492231607438 Acc: 0.8253
Iter 40 :  Loss: 0.008562485038638115 Acc: 0.90306
Iter 50 :  Loss: 0.005992038709819317 Acc: 0.9468
Iter 60 :  Loss: 0.005244700648188591 Acc: 0.94498
Iter 70 :  Loss: 0.004609866508245468 Acc: 0.94742
Iter 80 :  Loss: 0.0038904533702880145 Acc: 0.95648
Iter 90 :  Loss: 0.003696228258833289 Acc: 0.95424
Iter 100 :  Loss: 0.003144320576265454 Acc: 0.96014

Time Taken: 0:28:44.934640

*********************************************************************
Experiment 17
Dataset: cifar
Model: 2hidden
LR: 0.01
Lambda: 0.0001
Iter 10 :  Loss: 0.021532627205848694 Acc: 0.6292
Iter 20 :  Loss: 0.014258378442525864 Acc: 0.75818
Iter 30 :  Loss: 0.010193823616206646 Acc: 0.8299
Iter 40 :  Loss: 0.008375935787260532 Acc: 0.85944
Iter 50 :  Loss: 0.005624070734530687 Acc: 0.9078
Iter 60 :  Loss: 0.005161481101810932 Acc: 0.91254
Iter 70 :  Loss: 0.004622090557292104 Acc: 0.92004
Iter 80 :  Loss: 0.0038451882408559322 Acc: 0.93422
Iter 90 :  Loss: 0.0028810841141454877 Acc: 0.95162
Iter 100 :  Loss: 0.0027593158101849257 Acc: 0.95452

Time Taken: 0:29:42.049635

*********************************************************************
Experiment 18
Dataset: cifar
Model: 3hidden
LR: 0.01
Lambda: 0.0001
Iter 10 :  Loss: 0.02167108292937279 Acc: 0.61952
Iter 20 :  Loss: 0.013928521339297294 Acc: 0.75828
Iter 30 :  Loss: 0.010142837121486665 Acc: 0.8226
Iter 40 :  Loss: 0.007521663404107094 Acc: 0.86842
Iter 50 :  Loss: 0.005765826162099838 Acc: 0.89998
Iter 60 :  Loss: 0.006301607888936997 Acc: 0.89102
Iter 70 :  Loss: 0.004263902193158865 Acc: 0.92524
Iter 80 :  Loss: 0.0029255715301446618 Acc: 0.9488
Iter 90 :  Loss: 0.0029525046283006666 Acc: 0.94966
Iter 100 :  Loss: 0.0019117687035165728 Acc: 0.96774

Time Taken: 0:30:54.055183

*********************************************************************
Experiment 19
Dataset: mnist
Model: 1hidden
LR: 0.001
Lambda: 1e-06
Iter 10 :  Loss: 0.006017743996592859 Acc: 0.9144833333333333
Iter 20 :  Loss: 0.004703847655281424 Acc: 0.9333833333333333
Iter 30 :  Loss: 0.0039091728170712785 Acc: 0.94565
Iter 40 :  Loss: 0.0033453676326045145 Acc: 0.9535166666666667
Iter 50 :  Loss: 0.0029245027421818427 Acc: 0.9595166666666667
Iter 60 :  Loss: 0.0025962374123589447 Acc: 0.9640666666666666
Iter 70 :  Loss: 0.002331501405367938 Acc: 0.9681333333333333
Iter 80 :  Loss: 0.0021135587678213293 Acc: 0.9713
Iter 90 :  Loss: 0.0019301170327933506 Acc: 0.9736833333333333
Iter 100 :  Loss: 0.0017730710775358603 Acc: 0.9758833333333333

Time Taken: 0:34:24.969813

*********************************************************************
Experiment 20
Dataset: mnist
Model: 2hidden
LR: 0.001
Lambda: 1e-06
Iter 10 :  Loss: 0.006280386137465636 Acc: 0.9102166666666667
Iter 20 :  Loss: 0.004733621271358182 Acc: 0.9321
Iter 30 :  Loss: 0.003796661286537225 Acc: 0.9462666666666667
Iter 40 :  Loss: 0.003125308859705304 Acc: 0.9556833333333333
Iter 50 :  Loss: 0.0026309968102024867 Acc: 0.9627166666666667
Iter 60 :  Loss: 0.0022536528748925777 Acc: 0.9687
Iter 70 :  Loss: 0.0019550114772748203 Acc: 0.9733333333333334
Iter 80 :  Loss: 0.0017123491413852511 Acc: 0.9765833333333334
Iter 90 :  Loss: 0.0015127550420351327 Acc: 0.97925
Iter 100 :  Loss: 0.0013446265515657918 Acc: 0.98165

Time Taken: 0:35:26.397613

*********************************************************************
Experiment 21
Dataset: mnist
Model: 3hidden
LR: 0.001
Lambda: 1e-06
Iter 10 :  Loss: 0.007111896230777104 Acc: 0.89985
Iter 20 :  Loss: 0.004959118335631987 Acc: 0.92875
Iter 30 :  Loss: 0.003789450032170862 Acc: 0.9459166666666666
Iter 40 :  Loss: 0.0029936043293991438 Acc: 0.9584
Iter 50 :  Loss: 0.0024330684957792983 Acc: 0.96545
Iter 60 :  Loss: 0.0020190598969425386 Acc: 0.9715333333333334
Iter 70 :  Loss: 0.001696698560383326 Acc: 0.9767166666666667
Iter 80 :  Loss: 0.0014371737009088975 Acc: 0.9809
Iter 90 :  Loss: 0.0012244485436026782 Acc: 0.9834833333333334
Iter 100 :  Loss: 0.0010483906312738934 Acc: 0.9861833333333333

Time Taken: 0:36:52.957530

*********************************************************************
Experiment 22
Dataset: cifar
Model: 1hidden
LR: 0.01
Lambda: 1e-06
Iter 10 :  Loss: 0.02360628241658211 Acc: 0.60172
Iter 20 :  Loss: 0.017408074488639833 Acc: 0.72152
Iter 30 :  Loss: 0.012322064486145973 Acc: 0.82692
Iter 40 :  Loss: 0.008391644876003265 Acc: 0.90588
Iter 50 :  Loss: 0.00567312572568655 Acc: 0.95236
Iter 60 :  Loss: 0.006097546383738518 Acc: 0.9203
Iter 70 :  Loss: 0.005377142810374498 Acc: 0.92868
Iter 80 :  Loss: 0.0051471944269537925 Acc: 0.9293
Iter 90 :  Loss: 0.004383485282883048 Acc: 0.93992
Iter 100 :  Loss: 0.004081542858481407 Acc: 0.9421

Time Taken: 0:29:48.467485

*********************************************************************
Experiment 23
Dataset: cifar
Model: 2hidden
LR: 0.01
Lambda: 1e-06
Iter 10 :  Loss: 0.021566103718280792 Acc: 0.63116
Iter 20 :  Loss: 0.013856076803803444 Acc: 0.76696
Iter 30 :  Loss: 0.010802194275856018 Acc: 0.817
Iter 40 :  Loss: 0.008074239525198937 Acc: 0.86088
Iter 50 :  Loss: 0.006379094723910093 Acc: 0.89306
Iter 60 :  Loss: 0.0044938640838861465 Acc: 0.92514
Iter 70 :  Loss: 0.005363196830302477 Acc: 0.9086
Iter 80 :  Loss: 0.0036451761261373757 Acc: 0.93718
Iter 90 :  Loss: 0.0031825377916172145 Acc: 0.94576
Iter 100 :  Loss: 0.0029330737230181692 Acc: 0.94958

Time Taken: 0:31:15.754448

*********************************************************************
Experiment 24
Dataset: cifar
Model: 3hidden
LR: 0.01
Lambda: 1e-06
Iter 10 :  Loss: 0.021113147094249725 Acc: 0.62974
Iter 20 :  Loss: 0.015055570870041847 Acc: 0.73834
Iter 30 :  Loss: 0.010444388829171657 Acc: 0.8179
Iter 40 :  Loss: 0.007703730829656124 Acc: 0.86726
Iter 50 :  Loss: 0.006242537970170378 Acc: 0.89136
Iter 60 :  Loss: 0.005101345077604055 Acc: 0.90934
Iter 70 :  Loss: 0.004260660928040743 Acc: 0.92538
Iter 80 :  Loss: 0.0032103989673033357 Acc: 0.9437
Iter 90 :  Loss: 0.003030722551587969 Acc: 0.9471
Iter 100 :  Loss: 0.0025309643936529754 Acc: 0.9555

Time Taken: 0:32:01.010771

*********************************************************************